===============================================================
Gobuster v3.1.0
by OJ Reeves (@TheColonial) & Christian Mehlmauer (@firefart)
===============================================================
[+] Url:            http://10.10.119.108/
[+] Method:         GET
[+] Threads:        10
[+] Wordlist:       /opt/wordlists/big.txt
[+] Status codes:   200,204,301,302,307,401,403
[+] User Agent:     gobuster/3.1.0
[+] Extensions:     php,txt,html
[+] Timeout:        10s
===============================================================
2020/09/14 17:45:24 Starting gobuster in directory enumeration mode
===============================================================
/.htpasswd (Status: 403)    
/.htpasswd.php (Status: 403)
/.htaccess (Status: 403)    
/.htpasswd.txt (Status: 403)
/.htaccess.php (Status: 403)
/.htpasswd.html (Status: 403)
/.htaccess.txt (Status: 403) 
/.htaccess.html (Status: 403)
/administrator.php (Status: 200)
